<?xml version="1.0" encoding="UTF-8"?>
<!-- Generated by org.testng.reporters.JUnitReportReporter -->
<testsuite hostname="DESKTOP-1LCDEI6" failures="0" tests="1" name="GetPlaceDetails" time="3.898" errors="0" timestamp="24 Aug 2022 13:55:16 GMT" skipped="0">
  <testcase classname="GetPlaceDetails" name="getPlaceDetails" time="3.898"/>
</testsuite> <!-- GetPlaceDetails -->
