<?xml version="1.0" encoding="UTF-8"?>
<!-- Generated by org.testng.reporters.JUnitReportReporter -->
<testsuite hostname="DESKTOP-1LCDEI6" failures="0" tests="1" name="GetPlaceDetails" time="5.011" errors="0" timestamp="24 Aug 2022 03:08:42 GMT" skipped="0">
  <testcase classname="GetPlaceDetails" name="getPlaceDetails" time="5.011"/>
</testsuite> <!-- GetPlaceDetails -->
